[INFO ] 2025-05-17 18:36:04.880 [main] c.m.G.A.B.E.GemAuctionBackEndApplication- Starting GemAuctionBackEndApplication using Java 23.0.1 with PID 27304 (D:\Documents\Projects\Auction Project\Gem Auction Back End\target\classes started by HP in D:\Documents\Projects\Auction Project\Gem Auction Back End)
[INFO ] 2025-05-17 18:36:04.883 [main] c.m.G.A.B.E.GemAuctionBackEndApplication- No active profile set, falling back to 1 default profile: "default"
[INFO ] 2025-05-17 18:36:07.283 [main] c.m.G.A.B.E.GemAuctionBackEndApplication- Started GemAuctionBackEndApplication in 2.928 seconds (process running for 3.635)
[INFO ] 2025-05-17 18:42:08.415 [main] c.m.G.A.B.E.GemAuctionBackEndApplication- Starting GemAuctionBackEndApplication using Java 23.0.1 with PID 4272 (D:\Documents\Projects\Auction Project\Gem Auction Back End\target\classes started by HP in D:\Documents\Projects\Auction Project\Gem Auction Back End)
[INFO ] 2025-05-17 18:42:08.417 [main] c.m.G.A.B.E.GemAuctionBackEndApplication- No active profile set, falling back to 1 default profile: "default"
[INFO ] 2025-05-17 18:42:10.933 [main] c.m.G.A.B.E.GemAuctionBackEndApplication- Started GemAuctionBackEndApplication in 3.119 seconds (process running for 3.947)
[INFO ] 2025-05-17 19:00:08.201 [main] c.m.G.A.B.E.GemAuctionBackEndApplication.?:? - Starting GemAuctionBackEndApplication using Java 23.0.1 with PID 23276 (D:\Documents\Projects\Auction Project\Gem Auction Back End\target\classes started by HP in D:\Documents\Projects\Auction Project\Gem Auction Back End)
[INFO ] 2025-05-17 19:00:08.203 [main] c.m.G.A.B.E.GemAuctionBackEndApplication.?:? - No active profile set, falling back to 1 default profile: "default"
[INFO ] 2025-05-17 19:00:10.646 [main] c.m.G.A.B.E.GemAuctionBackEndApplication.?:? - Started GemAuctionBackEndApplication in 2.894 seconds (process running for 3.555)
[INFO ] 2025-05-17 19:01:54.972 [main] c.m.G.A.B.E.GemAuctionBackEndApplication.?:? - Starting GemAuctionBackEndApplication using Java 23.0.1 with PID 3104 (D:\Documents\Projects\Auction Project\Gem Auction Back End\target\classes started by HP in D:\Documents\Projects\Auction Project\Gem Auction Back End)
[INFO ] 2025-05-17 19:01:54.975 [main] c.m.G.A.B.E.GemAuctionBackEndApplication.?:? - No active profile set, falling back to 1 default profile: "default"
[INFO ] 2025-05-17 19:01:57.377 [main] c.m.G.A.B.E.GemAuctionBackEndApplication.?:? - Started GemAuctionBackEndApplication in 2.843 seconds (process running for 3.494)
[INFO ] 2025-05-17 19:04:23.795 [main] c.m.G.A.B.E.GemAuctionBackEndApplication - Starting GemAuctionBackEndApplication using Java 23.0.1 with PID 22028 (D:\Documents\Projects\Auction Project\Gem Auction Back End\target\classes started by HP in D:\Documents\Projects\Auction Project\Gem Auction Back End)
[INFO ] 2025-05-17 19:04:23.797 [main] c.m.G.A.B.E.GemAuctionBackEndApplication - No active profile set, falling back to 1 default profile: "default"
[INFO ] 2025-05-17 19:04:26.218 [main] c.m.G.A.B.E.GemAuctionBackEndApplication - Started GemAuctionBackEndApplication in 2.868 seconds (process running for 3.509)
[INFO ] 2025-05-17 19:49:30.782 [main] c.m.G.A.B.E.GemAuctionBackEndApplication - Starting GemAuctionBackEndApplication using Java 23.0.1 with PID 25292 (D:\Documents\Projects\Auction Project\Gem Auction Back End\target\classes started by HP in D:\Documents\Projects\Auction Project\Gem Auction Back End)
[INFO ] 2025-05-17 19:49:30.784 [main] c.m.G.A.B.E.GemAuctionBackEndApplication - No active profile set, falling back to 1 default profile: "default"
[INFO ] 2025-05-17 19:49:33.275 [main] c.m.G.A.B.E.GemAuctionBackEndApplication - Started GemAuctionBackEndApplication in 2.962 seconds (process running for 3.51)
[INFO ] 2025-05-17 19:51:54.164 [main] c.m.G.A.B.E.GemAuctionBackEndApplication - Starting GemAuctionBackEndApplication using Java 23.0.1 with PID 5336 (D:\Documents\Projects\Auction Project\Gem Auction Back End\target\classes started by HP in D:\Documents\Projects\Auction Project\Gem Auction Back End)
[INFO ] 2025-05-17 19:51:54.166 [main] c.m.G.A.B.E.GemAuctionBackEndApplication - No active profile set, falling back to 1 default profile: "default"
[INFO ] 2025-05-17 19:51:56.580 [main] c.m.G.A.B.E.GemAuctionBackEndApplication - Started GemAuctionBackEndApplication in 2.899 seconds (process running for 3.432)
